<?xml version="1.0" encoding="UTF-8"?>
<!-- Generated by org.testng.reporters.JUnitReportReporter -->
<testsuite skipped="0" hostname="DESKTOP-95I46CV" name="testNg.Toskipatestcase" tests="5" failures="0" timestamp="2020-06-09T17:26:32 IST" time="0.019" errors="0">
  <testcase name="startTheCar" time="0.002" classname="testNg.Toskipatestcase"/>
  <system-out/>
  <testcase name="putTheFirstGear" time="0.003" classname="testNg.Toskipatestcase"/>
  <system-out/>
  <testcase name="secondGear" time="0.005" classname="testNg.Toskipatestcase"/>
  <system-out/>
  <testcase name="thirdGear" time="0.002" classname="testNg.Toskipatestcase"/>
  <system-out/>
  <testcase name="offTheCar" time="0.007" classname="testNg.Toskipatestcase"/>
  <system-out/>
</testsuite> <!-- testNg.Toskipatestcase -->
