<?xml version="1.0" encoding="UTF-8"?>
<!-- Generated by org.testng.reporters.JUnitReportReporter -->
<testsuite skipped="0" hostname="DESKTOP-95I46CV" name="testNg.Dependsontest" tests="4" failures="0" timestamp="2020-06-09T17:26:32 IST" time="0.146" errors="0">
  <testcase name="manager" time="0.003" classname="testNg.Dependsontest"/>
  <system-out/>
  <testcase name="ceo" time="0.137" classname="testNg.Dependsontest"/>
  <system-out/>
  <testcase name="lead" time="0.003" classname="testNg.Dependsontest"/>
  <system-out/>
  <testcase name="employee" time="0.003" classname="testNg.Dependsontest"/>
  <system-out/>
</testsuite> <!-- testNg.Dependsontest -->
