<?xml version="1.0" encoding="UTF-8"?>
<!-- Generated by org.testng.reporters.JUnitReportReporter -->
<testsuite skipped="0" hostname="DESKTOP-95I46CV" name="co.Sel.Testng.Priorityexample" tests="4" failures="0" timestamp="2020-06-08T16:56:33 IST" time="0.045" errors="0">
  <testcase name="startCar" time="0.029" classname="co.Sel.Testng.Priorityexample"/>
  <system-out/>
  <testcase name="putFirstGear" time="0.005" classname="co.Sel.Testng.Priorityexample"/>
  <system-out/>
  <testcase name="putSecondGear" time="0.006" classname="co.Sel.Testng.Priorityexample"/>
  <system-out/>
  <testcase name="offTheCar" time="0.005" classname="co.Sel.Testng.Priorityexample"/>
  <system-out/>
</testsuite> <!-- co.Sel.Testng.Priorityexample -->
