<?xml version="1.0" encoding="UTF-8"?>
<!-- Generated by org.testng.reporters.JUnitReportReporter -->
<testsuite skipped="0" hostname="DESKTOP-95I46CV" name="testNg.NewTest" tests="1" failures="0" timestamp="2020-06-10T14:56:22 IST" time="0.032" errors="0">
  <testcase name="test" time="0.032" classname="testNg.NewTest"/>
  <system-out/>
</testsuite> <!-- testNg.NewTest -->
