<?xml version="1.0" encoding="UTF-8"?>
<!-- Generated by org.testng.reporters.JUnitReportReporter -->
<testsuite skipped="0" hostname="DESKTOP-95I46CV" name="testNg.Firstcase" tests="2" failures="0" timestamp="2020-06-09T17:26:32 IST" time="0.006" errors="0">
  <testcase name="case1" time="0.003" classname="testNg.Firstcase"/>
  <system-out/>
  <testcase name="case2" time="0.003" classname="testNg.Firstcase"/>
  <system-out/>
</testsuite> <!-- testNg.Firstcase -->
