<?xml version="1.0" encoding="UTF-8"?>
<!-- Generated by org.testng.reporters.JUnitReportReporter -->
<testsuite skipped="0" hostname="DESKTOP-95I46CV" name="testNg.Groupingexample" tests="4" failures="0" timestamp="2020-06-09T18:36:34 IST" time="0.058" errors="0">
  <testcase name="iphone2" time="0.011" classname="testNg.Groupingexample"/>
  <system-out/>
  <testcase name="iphone1" time="0.039" classname="testNg.Groupingexample"/>
  <system-out/>
  <testcase name="vivo1" time="0.005" classname="testNg.Groupingexample"/>
  <system-out/>
  <testcase name="vivo2" time="0.003" classname="testNg.Groupingexample"/>
  <system-out/>
</testsuite> <!-- testNg.Groupingexample -->
