<?xml version="1.0" encoding="UTF-8"?>
<!-- Generated by org.testng.reporters.JUnitReportReporter -->
<testsuite skipped="1" hostname="DESKTOP-95I46CV" name="co.Sel.Testng.Skipatestcase" tests="5" failures="0" timestamp="2020-06-08T17:06:00 IST" time="0.054" errors="0">
  <testcase name="startCar" time="0.033" classname="co.Sel.Testng.Skipatestcase"/>
  <system-out/>
  <testcase name="putFirstGear" time="0.008" classname="co.Sel.Testng.Skipatestcase"/>
  <system-out/>
  <testcase name="putSecondGear" time="0.008" classname="co.Sel.Testng.Skipatestcase"/>
  <system-out/>
  <testcase name="offTheCar" time="0.005" classname="co.Sel.Testng.Skipatestcase"/>
  <system-out/>
  <testcase name="turnONMusic" classname="co.Sel.Testng.Skipatestcase">
    <skipped/>
  </testcase> <!-- turnONMusic -->
  <system-out/>
</testsuite> <!-- co.Sel.Testng.Skipatestcase -->
