<?xml version="1.0" encoding="UTF-8"?>
<!-- Generated by org.testng.reporters.JUnitReportReporter -->
<testsuite skipped="0" hostname="DESKTOP-95I46CV" name="co.Sel.Testng.Firstcase" tests="4" failures="0" timestamp="2020-06-08T16:41:50 IST" time="0.588" errors="0">
  <testcase name="thirdTestCase" time="0.265" classname="co.Sel.Testng.Firstcase"/>
  <system-out/>
  <testcase name="firstTestCase" time="0.087" classname="co.Sel.Testng.Firstcase"/>
  <system-out/>
  <testcase name="secondTestCase" time="0.025" classname="co.Sel.Testng.Firstcase"/>
  <system-out/>
  <testcase name="fourthTestCase" time="0.211" classname="co.Sel.Testng.Firstcase"/>
  <system-out/>
</testsuite> <!-- co.Sel.Testng.Firstcase -->
