<?xml version="1.0" encoding="UTF-8"?>
<!-- Generated by org.testng.reporters.JUnitReportReporter -->
<testsuite skipped="0" hostname="DESKTOP-95I46CV" name="co.Sel.Testng.Launchbrowser" tests="3" failures="0" timestamp="2020-06-08T20:12:49 IST" time="35.350" errors="0">
  <testcase name="openGoogle" time="5.833" classname="co.Sel.Testng.Launchbrowser"/>
  <system-out/>
  <testcase name="openBing" time="24.311" classname="co.Sel.Testng.Launchbrowser"/>
  <system-out/>
  <testcase name="openYahoo" time="5.206" classname="co.Sel.Testng.Launchbrowser"/>
  <system-out/>
</testsuite> <!-- co.Sel.Testng.Launchbrowser -->
